running egg_info
creating ../../build/publicador/publicador.egg-info
writing ../../build/publicador/publicador.egg-info/PKG-INFO
writing dependency_links to ../../build/publicador/publicador.egg-info/dependency_links.txt
writing entry points to ../../build/publicador/publicador.egg-info/entry_points.txt
writing requirements to ../../build/publicador/publicador.egg-info/requires.txt
writing top-level names to ../../build/publicador/publicador.egg-info/top_level.txt
writing manifest file '../../build/publicador/publicador.egg-info/SOURCES.txt'
reading manifest file '../../build/publicador/publicador.egg-info/SOURCES.txt'
writing manifest file '../../build/publicador/publicador.egg-info/SOURCES.txt'
running build
running build_py
creating /home/kubu/pub_ws/build/publicador/build
creating /home/kubu/pub_ws/build/publicador/build/lib
creating /home/kubu/pub_ws/build/publicador/build/lib/publicador
copying publicador/__init__.py -> /home/kubu/pub_ws/build/publicador/build/lib/publicador
copying publicador/publisher_member_function.py -> /home/kubu/pub_ws/build/publicador/build/lib/publicador
running install
running install_lib
creating /home/kubu/pub_ws/install/publicador/lib/python3.10/site-packages/publicador
copying /home/kubu/pub_ws/build/publicador/build/lib/publicador/__init__.py -> /home/kubu/pub_ws/install/publicador/lib/python3.10/site-packages/publicador
copying /home/kubu/pub_ws/build/publicador/build/lib/publicador/publisher_member_function.py -> /home/kubu/pub_ws/install/publicador/lib/python3.10/site-packages/publicador
byte-compiling /home/kubu/pub_ws/install/publicador/lib/python3.10/site-packages/publicador/__init__.py to __init__.cpython-310.pyc
byte-compiling /home/kubu/pub_ws/install/publicador/lib/python3.10/site-packages/publicador/publisher_member_function.py to publisher_member_function.cpython-310.pyc
running install_data
creating /home/kubu/pub_ws/install/publicador/share/ament_index
creating /home/kubu/pub_ws/install/publicador/share/ament_index/resource_index
creating /home/kubu/pub_ws/install/publicador/share/ament_index/resource_index/packages
copying resource/publicador -> /home/kubu/pub_ws/install/publicador/share/ament_index/resource_index/packages
copying package.xml -> /home/kubu/pub_ws/install/publicador/share/publicador
running install_egg_info
Copying ../../build/publicador/publicador.egg-info to /home/kubu/pub_ws/install/publicador/lib/python3.10/site-packages/publicador-0.0.0-py3.10.egg-info
running install_scripts
Installing talker script to /home/kubu/pub_ws/install/publicador/lib/publicador
writing list of installed files to '/home/kubu/pub_ws/build/publicador/install.log'
